[2025-10-09T16:22:01.992Z] [dotenv@17.1.0] injecting env (0) from .env [2m(tip: ⚙️  specify custom .env file path with { path: '/custom/path/.env' })[0m
[2025-10-09T16:22:02.000Z] Server is running on http://localhost:3000
[2025-10-09T16:22:02.165Z] New user connected: gR55au2T1JfaWUYjAAAD
[2025-10-09T16:22:02.168Z] New user connected: VmiCX7QGWfYuj3GwAAAE
[2025-10-09T16:22:02.170Z] New user connected: aaMJt9kKtzfgqnlzAAAF
[2025-10-09T16:23:27.849Z] [dotenv@17.1.0] injecting env (0) from .env [2m(tip: ⚙️  enable debug logging with { debug: true })[0m
[2025-10-09T16:23:27.856Z] Server is running on http://localhost:3000
[2025-10-09T16:23:27.943Z] New user connected: PpRoWX2YU1GtAo6IAAAB
[2025-10-09T16:23:27.950Z] New user connected: -SX5U1AlF60q678YAAAD
[2025-10-09T16:23:33.142Z] New user connected: -SkgvI4n0bK8VbXKAAAF
[2025-10-09T16:23:39.164Z] [dotenv@17.1.0] injecting env (0) from .env [2m(tip: ⚙️  write to custom object with { processEnv: myObject })[0m
[2025-10-09T16:23:39.172Z] Server is running on http://localhost:3000
[2025-10-09T16:23:39.463Z] New user connected: EmBgDU2Bt31wvUk4AAAB
[2025-10-09T16:23:40.928Z] [dotenv@17.1.0] injecting env (0) from .env [2m(tip: ⚙️  load multiple .env files with { path: ['.env.local', '.env'] })[0m
[2025-10-09T16:23:40.935Z] Server is running on http://localhost:3000
[2025-10-09T16:23:40.947Z] New user connected: m0v9PjaW5f_5GZrEAAAB
[2025-10-09T16:23:41.134Z] New user connected: HjjH7C7d84CX0gf9AAAD
[2025-10-09T16:23:41.153Z] New user connected: cRxv9MfwPC-0R0hQAAAF
[2025-10-09T16:24:01.931Z] [dotenv@17.1.0] injecting env (0) from .env [2m(tip: ⚙️  override existing env vars with { override: true })[0m
[2025-10-09T16:24:01.938Z] Server is running on http://localhost:3000
[2025-10-09T16:24:02.154Z] New user connected: NjGUFQ01L_CRr1LqAAAB
[2025-10-09T16:24:03.129Z] New user connected: KKQRlLnOgr22xEjlAAAD
[2025-10-09T16:24:07.131Z] New user connected: Tf-JApMjknWrSxXlAAAF
[2025-10-09T16:27:27.982Z] [dotenv@17.1.0] injecting env (0) from .env [2m(tip: ⚙️  specify custom .env file path with { path: '/custom/path/.env' })[0m
[2025-10-09T16:27:27.989Z] Server is running on http://localhost:3000
[2025-10-09T16:27:28.211Z] New user connected: aciNipksDbPNSV9xAAAD
[2025-10-09T16:27:28.214Z] New user connected: 5daUpjhgrPtm48AiAAAE
[2025-10-09T16:27:28.216Z] New user connected: NvppdKPSqMVAovf1AAAF
[2025-10-09T16:27:29.285Z] [dotenv@17.1.0] injecting env (0) from .env [2m(tip: ⚙️  enable debug logging with { debug: true })[0m
[2025-10-09T16:27:29.291Z] Server is running on http://localhost:3000
[2025-10-09T16:27:29.456Z] New user connected: FTuPxxiyximUw6JmAAAB
[2025-10-09T16:27:30.140Z] New user connected: C0oYV7fjBApshAvIAAAE
[2025-10-09T16:27:30.143Z] New user connected: jFkmxaOc8volZf3EAAAF
[2025-10-09T16:27:38.084Z] [dotenv@17.1.0] injecting env (0) from .env [2m(tip: ⚙️  specify custom .env file path with { path: '/custom/path/.env' })[0m
[2025-10-09T16:27:38.091Z] Server is running on http://localhost:3000
[2025-10-09T16:27:38.144Z] New user connected: XuRqed-FmTIidRUfAAAB
[2025-10-09T16:27:38.152Z] New user connected: E_0sgE-p5ezKFBVBAAAE
[2025-10-09T16:27:38.154Z] New user connected: LtBnMHGj6wYxPDAjAAAF
[2025-10-09T16:27:43.165Z] [dotenv@17.1.0] injecting env (0) from .env [2m(tip: ⚙️  specify custom .env file path with { path: '/custom/path/.env' })[0m
[2025-10-09T16:27:43.171Z] Server is running on http://localhost:3000
[2025-10-09T16:27:47.050Z] [dotenv@17.1.0] injecting env (0) from .env [2m(tip: ⚙️  suppress all logs with { quiet: true })[0m
[2025-10-09T16:27:47.057Z] Server is running on http://localhost:3000
[2025-10-09T16:27:48.139Z] New user connected: RZ14ZNd3Ekx1BzPNAAAB
[2025-10-09T16:27:52.432Z] [dotenv@17.1.0] injecting env (0) from .env [2m(tip: 🔐 prevent building .env in docker: https://dotenvx.com/prebuild)[0m
[2025-10-09T16:27:52.438Z] Server is running on http://localhost:3000
[2025-10-09T16:27:52.465Z] New user connected: YuqCGcU25ufK-o2BAAAB
[2025-10-09T16:27:55.154Z] New user connected: _wmj9gtxZmHRVePyAAAD
[2025-10-09T16:27:57.151Z] New user connected: I8O6SyAnDRUflRVhAAAF
[2025-10-09T16:28:05.674Z] [dotenv@17.1.0] injecting env (0) from .env [2m(tip: 🔐 encrypt with dotenvx: https://dotenvx.com)[0m
[2025-10-09T16:28:05.681Z] Server is running on http://localhost:3000
[2025-10-09T16:28:06.183Z] New user connected: kgGszuTW89Qn4rD9AAAD
[2025-10-09T16:28:06.188Z] New user connected: 4duqUm1v09u2HnCsAAAE
[2025-10-09T16:28:06.189Z] New user connected: dZQeyqUbldT37sZvAAAF
[2025-10-09T16:28:25.391Z] [dotenv@17.1.0] injecting env (0) from .env [2m(tip: 🛠️  run anywhere with `dotenvx run -- yourcommand`)[0m
[2025-10-09T16:28:25.400Z] Server is running on http://localhost:3000
[2025-10-09T16:28:25.439Z] New user connected: lCLYnlXg0awScTQqAAAC
[2025-10-09T16:28:25.441Z] New user connected: BT3Fj2Y9g-lNmAcoAAAD
[2025-10-09T16:28:26.740Z] [dotenv@17.1.0] injecting env (0) from .env [2m(tip: 🛠️  run anywhere with `dotenvx run -- yourcommand`)[0m
[2025-10-09T16:28:26.747Z] Server is running on http://localhost:3000
[2025-10-09T16:28:26.985Z] New user connected: b6e9O3RxS4UPmcFvAAAB
[2025-10-09T16:28:27.141Z] New user connected: Bi4J8KBlpTnvM0gDAAAE
[2025-10-09T16:28:27.144Z] New user connected: FKHEI-4tyPcPtIWkAAAF
[2025-10-09T16:29:39.175Z] [dotenv@17.1.0] injecting env (0) from .env [2m(tip: 🔐 encrypt with dotenvx: https://dotenvx.com)[0m
[2025-10-09T16:29:39.182Z] Server is running on http://localhost:3000
[2025-10-09T16:29:39.468Z] New user connected: bWJjfQLhwiqYcjpVAAAD
[2025-10-09T16:29:39.470Z] New user connected: XvM3aYD6hKW-_ZQNAAAE
[2025-10-09T16:29:39.471Z] New user connected: 0bVK5yGXV9dl0iBCAAAF
[2025-10-09T16:29:55.058Z] [dotenv@17.1.0] injecting env (0) from .env [2m(tip: ⚙️  write to custom object with { processEnv: myObject })[0m
[2025-10-09T16:29:55.067Z] Server is running on http://localhost:3000
[2025-10-09T16:29:55.146Z] New user connected: w01vxcApEghkjOiLAAAB
[2025-10-09T16:29:56.155Z] New user connected: j7SURWRTsh5ZIXSBAAAE
[2025-10-09T16:29:56.159Z] New user connected: hfE0P4moiebT8wKgAAAF
[2025-10-09T16:30:25.483Z] [dotenv@17.1.0] injecting env (0) from .env [2m(tip: ⚙️  override existing env vars with { override: true })[0m
[2025-10-09T16:30:25.490Z] Server is running on http://localhost:3000
[2025-10-09T16:30:25.655Z] New user connected: CRqYr4Zk12jS-6uoAAAB
[2025-10-09T16:30:26.140Z] New user connected: FV6AVg8L6VjMBdKjAAAE
[2025-10-09T16:30:26.142Z] New user connected: 26JQXS7nOMzK_5ovAAAF
[2025-10-09T16:30:28.174Z] [dotenv@17.1.0] injecting env (0) from .env [2m(tip: ⚙️  specify custom .env file path with { path: '/custom/path/.env' })[0m
[2025-10-09T16:30:28.180Z] Server is running on http://localhost:3000
[2025-10-09T16:30:28.479Z] New user connected: 6WhlUWkyt-xVAF6xAAAB
[2025-10-09T16:30:29.162Z] New user connected: lYz6y35IwLUvoEv7AAAE
[2025-10-09T16:30:29.168Z] New user connected: xLv10IXu3kkroAuUAAAF
